Build started 5/16/2014 11:34:30 AM.
     1>Project "D:\ozum\programming about\proyektler\serbest\basibelaliKUB\kvadrat ve daha sonra kub\kvadrat ve daha sonra kub\kvadrat ve daha sonra kub.vcxproj" on node 2 (Build target(s)).
     1>ClCompile:
         C:\Program Files (x86)\Microsoft Visual Studio 12.0\VC\bin\CL.exe /c /ZI /nologo /W3 /WX- /sdl /Od /Oy- /D WIN32 /D _WINDOWS /D _DEBUG /D _UNICODE /D UNICODE /D _AFXDLL /Gm /EHsc /RTC1 /MDd /GS /fp:precise /Zc:wchar_t /Zc:forScope /Yu"stdafx.h" /Fp"Debug\kvadrat ve daha sonra kub.pch" /Fo"Debug\\" /Fd"Debug\vc120.pdb" /Gd /TP /analyze- /errorReport:prompt "kvadrat ve daha sonra kubDlg.cpp"
         kvadrat ve daha sonra kubDlg.cpp
     1>d:\ozum\programming about\proyektler\serbest\basibelalikub\kvadrat ve daha sonra kub\kvadrat ve daha sonra kub\kvadrat ve daha sonra kubdlg.cpp(318): warning C4244: 'argument' : conversion from 'double' to 'int', possible loss of data
     1>d:\ozum\programming about\proyektler\serbest\basibelalikub\kvadrat ve daha sonra kub\kvadrat ve daha sonra kub\kvadrat ve daha sonra kubdlg.cpp(319): warning C4244: 'argument' : conversion from 'double' to 'int', possible loss of data
     1>d:\ozum\programming about\proyektler\serbest\basibelalikub\kvadrat ve daha sonra kub\kvadrat ve daha sonra kub\kvadrat ve daha sonra kubdlg.cpp(320): warning C4244: 'argument' : conversion from 'double' to 'int', possible loss of data
     1>d:\ozum\programming about\proyektler\serbest\basibelalikub\kvadrat ve daha sonra kub\kvadrat ve daha sonra kub\kvadrat ve daha sonra kubdlg.cpp(321): warning C4244: 'argument' : conversion from 'double' to 'int', possible loss of data
     1>d:\ozum\programming about\proyektler\serbest\basibelalikub\kvadrat ve daha sonra kub\kvadrat ve daha sonra kub\kvadrat ve daha sonra kubdlg.cpp(322): warning C4244: 'argument' : conversion from 'double' to 'int', possible loss of data
     1>d:\ozum\programming about\proyektler\serbest\basibelalikub\kvadrat ve daha sonra kub\kvadrat ve daha sonra kub\kvadrat ve daha sonra kubdlg.cpp(324): warning C4244: 'argument' : conversion from 'double' to 'int', possible loss of data
     1>d:\ozum\programming about\proyektler\serbest\basibelalikub\kvadrat ve daha sonra kub\kvadrat ve daha sonra kub\kvadrat ve daha sonra kubdlg.cpp(325): warning C4244: 'argument' : conversion from 'double' to 'int', possible loss of data
     1>d:\ozum\programming about\proyektler\serbest\basibelalikub\kvadrat ve daha sonra kub\kvadrat ve daha sonra kub\kvadrat ve daha sonra kubdlg.cpp(326): warning C4244: 'argument' : conversion from 'double' to 'int', possible loss of data
     1>d:\ozum\programming about\proyektler\serbest\basibelalikub\kvadrat ve daha sonra kub\kvadrat ve daha sonra kub\kvadrat ve daha sonra kubdlg.cpp(327): warning C4244: 'argument' : conversion from 'double' to 'int', possible loss of data
     1>d:\ozum\programming about\proyektler\serbest\basibelalikub\kvadrat ve daha sonra kub\kvadrat ve daha sonra kub\kvadrat ve daha sonra kubdlg.cpp(328): warning C4244: 'argument' : conversion from 'double' to 'int', possible loss of data
     1>d:\ozum\programming about\proyektler\serbest\basibelalikub\kvadrat ve daha sonra kub\kvadrat ve daha sonra kub\kvadrat ve daha sonra kubdlg.cpp(330): warning C4244: 'argument' : conversion from 'double' to 'int', possible loss of data
     1>d:\ozum\programming about\proyektler\serbest\basibelalikub\kvadrat ve daha sonra kub\kvadrat ve daha sonra kub\kvadrat ve daha sonra kubdlg.cpp(331): warning C4244: 'argument' : conversion from 'double' to 'int', possible loss of data
     1>d:\ozum\programming about\proyektler\serbest\basibelalikub\kvadrat ve daha sonra kub\kvadrat ve daha sonra kub\kvadrat ve daha sonra kubdlg.cpp(332): warning C4244: 'argument' : conversion from 'double' to 'int', possible loss of data
     1>d:\ozum\programming about\proyektler\serbest\basibelalikub\kvadrat ve daha sonra kub\kvadrat ve daha sonra kub\kvadrat ve daha sonra kubdlg.cpp(333): warning C4244: 'argument' : conversion from 'double' to 'int', possible loss of data
     1>d:\ozum\programming about\proyektler\serbest\basibelalikub\kvadrat ve daha sonra kub\kvadrat ve daha sonra kub\kvadrat ve daha sonra kubdlg.cpp(334): warning C4244: 'argument' : conversion from 'double' to 'int', possible loss of data
     1>d:\ozum\programming about\proyektler\serbest\basibelalikub\kvadrat ve daha sonra kub\kvadrat ve daha sonra kub\kvadrat ve daha sonra kubdlg.cpp(336): warning C4244: 'argument' : conversion from 'double' to 'int', possible loss of data
     1>d:\ozum\programming about\proyektler\serbest\basibelalikub\kvadrat ve daha sonra kub\kvadrat ve daha sonra kub\kvadrat ve daha sonra kubdlg.cpp(337): warning C4244: 'argument' : conversion from 'double' to 'int', possible loss of data
     1>d:\ozum\programming about\proyektler\serbest\basibelalikub\kvadrat ve daha sonra kub\kvadrat ve daha sonra kub\kvadrat ve daha sonra kubdlg.cpp(338): warning C4244: 'argument' : conversion from 'double' to 'int', possible loss of data
     1>d:\ozum\programming about\proyektler\serbest\basibelalikub\kvadrat ve daha sonra kub\kvadrat ve daha sonra kub\kvadrat ve daha sonra kubdlg.cpp(339): warning C4244: 'argument' : conversion from 'double' to 'int', possible loss of data
     1>d:\ozum\programming about\proyektler\serbest\basibelalikub\kvadrat ve daha sonra kub\kvadrat ve daha sonra kub\kvadrat ve daha sonra kubdlg.cpp(340): warning C4244: 'argument' : conversion from 'double' to 'int', possible loss of data
     1>d:\ozum\programming about\proyektler\serbest\basibelalikub\kvadrat ve daha sonra kub\kvadrat ve daha sonra kub\kvadrat ve daha sonra kubdlg.cpp(342): warning C4244: 'argument' : conversion from 'double' to 'int', possible loss of data
     1>d:\ozum\programming about\proyektler\serbest\basibelalikub\kvadrat ve daha sonra kub\kvadrat ve daha sonra kub\kvadrat ve daha sonra kubdlg.cpp(343): warning C4244: 'argument' : conversion from 'double' to 'int', possible loss of data
     1>d:\ozum\programming about\proyektler\serbest\basibelalikub\kvadrat ve daha sonra kub\kvadrat ve daha sonra kub\kvadrat ve daha sonra kubdlg.cpp(344): warning C4244: 'argument' : conversion from 'double' to 'int', possible loss of data
     1>d:\ozum\programming about\proyektler\serbest\basibelalikub\kvadrat ve daha sonra kub\kvadrat ve daha sonra kub\kvadrat ve daha sonra kubdlg.cpp(345): warning C4244: 'argument' : conversion from 'double' to 'int', possible loss of data
     1>d:\ozum\programming about\proyektler\serbest\basibelalikub\kvadrat ve daha sonra kub\kvadrat ve daha sonra kub\kvadrat ve daha sonra kubdlg.cpp(346): warning C4244: 'argument' : conversion from 'double' to 'int', possible loss of data
     1>d:\ozum\programming about\proyektler\serbest\basibelalikub\kvadrat ve daha sonra kub\kvadrat ve daha sonra kub\kvadrat ve daha sonra kubdlg.cpp(348): warning C4244: 'argument' : conversion from 'double' to 'int', possible loss of data
     1>d:\ozum\programming about\proyektler\serbest\basibelalikub\kvadrat ve daha sonra kub\kvadrat ve daha sonra kub\kvadrat ve daha sonra kubdlg.cpp(349): warning C4244: 'argument' : conversion from 'double' to 'int', possible loss of data
     1>d:\ozum\programming about\proyektler\serbest\basibelalikub\kvadrat ve daha sonra kub\kvadrat ve daha sonra kub\kvadrat ve daha sonra kubdlg.cpp(350): warning C4244: 'argument' : conversion from 'double' to 'int', possible loss of data
     1>d:\ozum\programming about\proyektler\serbest\basibelalikub\kvadrat ve daha sonra kub\kvadrat ve daha sonra kub\kvadrat ve daha sonra kubdlg.cpp(351): warning C4244: 'argument' : conversion from 'double' to 'int', possible loss of data
     1>d:\ozum\programming about\proyektler\serbest\basibelalikub\kvadrat ve daha sonra kub\kvadrat ve daha sonra kub\kvadrat ve daha sonra kubdlg.cpp(352): warning C4244: 'argument' : conversion from 'double' to 'int', possible loss of data
     1>d:\ozum\programming about\proyektler\serbest\basibelalikub\kvadrat ve daha sonra kub\kvadrat ve daha sonra kub\kvadrat ve daha sonra kubdlg.cpp(356): warning C4018: '<' : signed/unsigned mismatch
     1>d:\ozum\programming about\proyektler\serbest\basibelalikub\kvadrat ve daha sonra kub\kvadrat ve daha sonra kub\kvadrat ve daha sonra kubdlg.cpp(358): warning C4018: '<' : signed/unsigned mismatch
     1>d:\ozum\programming about\proyektler\serbest\basibelalikub\kvadrat ve daha sonra kub\kvadrat ve daha sonra kub\kvadrat ve daha sonra kubdlg.cpp(361): warning C4018: '<' : signed/unsigned mismatch
     1>d:\ozum\programming about\proyektler\serbest\basibelalikub\kvadrat ve daha sonra kub\kvadrat ve daha sonra kub\kvadrat ve daha sonra kubdlg.cpp(368): warning C4018: '<' : signed/unsigned mismatch
     1>d:\ozum\programming about\proyektler\serbest\basibelalikub\kvadrat ve daha sonra kub\kvadrat ve daha sonra kub\kvadrat ve daha sonra kubdlg.cpp(370): warning C4018: '<' : signed/unsigned mismatch
     1>d:\ozum\programming about\proyektler\serbest\basibelalikub\kvadrat ve daha sonra kub\kvadrat ve daha sonra kub\kvadrat ve daha sonra kubdlg.cpp(373): warning C4018: '<' : signed/unsigned mismatch
     1>d:\ozum\programming about\proyektler\serbest\basibelalikub\kvadrat ve daha sonra kub\kvadrat ve daha sonra kub\kvadrat ve daha sonra kubdlg.cpp(380): warning C4018: '<' : signed/unsigned mismatch
     1>d:\ozum\programming about\proyektler\serbest\basibelalikub\kvadrat ve daha sonra kub\kvadrat ve daha sonra kub\kvadrat ve daha sonra kubdlg.cpp(382): warning C4018: '<' : signed/unsigned mismatch
     1>d:\ozum\programming about\proyektler\serbest\basibelalikub\kvadrat ve daha sonra kub\kvadrat ve daha sonra kub\kvadrat ve daha sonra kubdlg.cpp(385): warning C4018: '<' : signed/unsigned mismatch
     1>d:\ozum\programming about\proyektler\serbest\basibelalikub\kvadrat ve daha sonra kub\kvadrat ve daha sonra kub\kvadrat ve daha sonra kubdlg.cpp(392): warning C4018: '<' : signed/unsigned mismatch
     1>d:\ozum\programming about\proyektler\serbest\basibelalikub\kvadrat ve daha sonra kub\kvadrat ve daha sonra kub\kvadrat ve daha sonra kubdlg.cpp(394): warning C4018: '<' : signed/unsigned mismatch
     1>d:\ozum\programming about\proyektler\serbest\basibelalikub\kvadrat ve daha sonra kub\kvadrat ve daha sonra kub\kvadrat ve daha sonra kubdlg.cpp(397): warning C4018: '<' : signed/unsigned mismatch
     1>d:\ozum\programming about\proyektler\serbest\basibelalikub\kvadrat ve daha sonra kub\kvadrat ve daha sonra kub\kvadrat ve daha sonra kubdlg.cpp(410): warning C4244: '+=' : conversion from 'double' to 'int', possible loss of data
     1>d:\ozum\programming about\proyektler\serbest\basibelalikub\kvadrat ve daha sonra kub\kvadrat ve daha sonra kub\kvadrat ve daha sonra kubdlg.cpp(419): warning C4244: '+=' : conversion from 'double' to 'int', possible loss of data
     1>d:\ozum\programming about\proyektler\serbest\basibelalikub\kvadrat ve daha sonra kub\kvadrat ve daha sonra kub\kvadrat ve daha sonra kubdlg.cpp(428): warning C4244: '+=' : conversion from 'double' to 'int', possible loss of data
     1>d:\ozum\programming about\proyektler\serbest\basibelalikub\kvadrat ve daha sonra kub\kvadrat ve daha sonra kub\kvadrat ve daha sonra kubdlg.cpp(437): warning C4244: '+=' : conversion from 'double' to 'int', possible loss of data
     1>d:\ozum\programming about\proyektler\serbest\basibelalikub\kvadrat ve daha sonra kub\kvadrat ve daha sonra kub\kvadrat ve daha sonra kubdlg.cpp(446): warning C4244: '+=' : conversion from 'double' to 'int', possible loss of data
     1>d:\ozum\programming about\proyektler\serbest\basibelalikub\kvadrat ve daha sonra kub\kvadrat ve daha sonra kub\kvadrat ve daha sonra kubdlg.cpp(455): warning C4244: '+=' : conversion from 'double' to 'int', possible loss of data
     1>d:\ozum\programming about\proyektler\serbest\basibelalikub\kvadrat ve daha sonra kub\kvadrat ve daha sonra kub\kvadrat ve daha sonra kubdlg.cpp(464): warning C4244: '+=' : conversion from 'double' to 'int', possible loss of data
     1>d:\ozum\programming about\proyektler\serbest\basibelalikub\kvadrat ve daha sonra kub\kvadrat ve daha sonra kub\kvadrat ve daha sonra kubdlg.cpp(473): warning C4244: '+=' : conversion from 'double' to 'int', possible loss of data
       Link:
         C:\Program Files (x86)\Microsoft Visual Studio 12.0\VC\bin\link.exe /ERRORREPORT:PROMPT /OUT:"D:\ozum\programming about\proyektler\serbest\basibelaliKUB\kvadrat ve daha sonra kub\Debug\kvadrat ve daha sonra kub.exe" /INCREMENTAL /NOLOGO /MANIFEST /MANIFESTUAC:"level='asInvoker' uiAccess='false'" /manifest:embed /manifestinput:"C:\Program Files (x86)\Microsoft Visual Studio 12.0\VC\Include\Manifest\dpiaware.manifest" /DEBUG /PDB:"D:\ozum\programming about\proyektler\serbest\basibelaliKUB\kvadrat ve daha sonra kub\Debug\kvadrat ve daha sonra kub.pdb" /SUBSYSTEM:WINDOWS /TLBID:1 /ENTRY:"wWinMainCRTStartup" /DYNAMICBASE /NXCOMPAT /IMPLIB:"D:\ozum\programming about\proyektler\serbest\basibelaliKUB\kvadrat ve daha sonra kub\Debug\kvadrat ve daha sonra kub.lib" /MACHINE:X86 "Debug\kvadrat ve daha sonra kub.res"
         "Debug\kvadrat ve daha sonra kub.obj"
         "Debug\kvadrat ve daha sonra kubDlg.obj"
         Debug\stdafx.obj
         kvadrat ve daha sonra kub.vcxproj -> D:\ozum\programming about\proyektler\serbest\basibelaliKUB\kvadrat ve daha sonra kub\Debug\kvadrat ve daha sonra kub.exe
     1>Done Building Project "D:\ozum\programming about\proyektler\serbest\basibelaliKUB\kvadrat ve daha sonra kub\kvadrat ve daha sonra kub\kvadrat ve daha sonra kub.vcxproj" (Build target(s)).

Build succeeded.

Time Elapsed 00:00:02.56
